[19:23:04] [ServerMain/INFO]: Environment: authHost='https://authserver.mojang.com', accountsHost='https://api.mojang.com', sessionHost='https://sessionserver.mojang.com', servicesHost='https://api.minecraftservices.com', name='PROD'
[19:23:04] [ServerMain/INFO]: Found new data pack file/bukkit, loading it automatically
[19:23:05] [ServerMain/INFO]: Loaded 7 recipes
[19:23:06] [Server thread/INFO]: Starting minecraft server version 1.20.1
[19:23:06] [Server thread/INFO]: Loading properties
[19:23:06] [Server thread/INFO]: This server is running Paper version git-Paper-196 (MC: 1.20.1) (Implementing API version 1.20.1-R0.1-SNAPSHOT) (Git: 773dd72)
[19:23:06] [Server thread/INFO]: Server Ping Player Sample Count: 12
[19:23:06] [Server thread/INFO]: Using 4 threads for Netty based IO
[19:23:07] [Server thread/INFO]: [ChunkTaskScheduler] Chunk system is using 1 I/O threads, 1 worker threads, and gen parallelism of 1 threads
[19:23:07] [Server thread/WARN]: [!] The timings profiler has been enabled but has been scheduled for removal from Paper in the future.
    We recommend installing the spark profiler as a replacement: https://spark.lucko.me/
    For more information please visit: https://github.com/PaperMC/Paper/issues/8948
[19:23:07] [Server thread/INFO]: Default game type: SURVIVAL
[19:23:07] [Server thread/INFO]: Generating keypair
[19:23:07] [Server thread/INFO]: Starting Minecraft server on *:25565
[19:23:07] [Server thread/INFO]: Using epoll channel type
[19:23:07] [Server thread/INFO]: Paper: Using libdeflate (Linux x86_64) compression from Velocity.
[19:23:07] [Server thread/INFO]: Paper: Using OpenSSL 1.1.x (Linux x86_64) cipher from Velocity.
[19:23:07] [Server thread/WARN]: **** SERVER IS RUNNING IN OFFLINE/INSECURE MODE!
[19:23:07] [Server thread/WARN]: The server will make no attempt to authenticate usernames. Beware.
[19:23:07] [Server thread/WARN]: While this makes the game possible to play without internet access, it also opens up the ability for hackers to connect with any username they choose.
[19:23:07] [Server thread/WARN]: To change this, set "online-mode" to "true" in the server.properties file.
[19:23:07] [Server thread/INFO]: Preparing level "world"
[19:23:18] [Server thread/INFO]: Preparing start region for dimension minecraft:overworld
[19:23:18] [Server thread/INFO]: Time elapsed: 146 ms
[19:23:18] [Server thread/INFO]: Preparing start region for dimension minecraft:the_nether
[19:23:18] [Server thread/INFO]: Time elapsed: 162 ms
[19:23:18] [Server thread/INFO]: Preparing start region for dimension minecraft:the_end
[19:23:18] [Server thread/INFO]: Time elapsed: 174 ms
[19:23:18] [Server thread/INFO]: Running delayed init tasks
[19:23:18] [Server thread/INFO]: Done (12.383s)! For help, type "help"
[19:23:18] [Server thread/INFO]: Timings Reset
[19:23:44] [Server thread/INFO]: Stopping server
[19:23:44] [Server thread/INFO]: Saving players
[19:23:44] [Server thread/INFO]: Saving worlds
[19:23:44] [Server thread/INFO]: Saving chunks for level 'ServerLevel[world]'/minecraft:overworld
[19:23:44] [Server thread/INFO]: [ChunkHolderManager] Waiting 60s for chunk system to halt for world 'world'
[19:23:44] [Server thread/INFO]: [ChunkHolderManager] Halted chunk system for world 'world'
[19:23:44] [Server thread/INFO]: [ChunkHolderManager] Saving all chunkholders for world 'world'
[19:23:45] [Server thread/INFO]: [ChunkHolderManager] Saved 1662 block chunks, 1 entity chunks, 0 poi chunks in world 'world' in 1.25s
[19:23:45] [Server thread/INFO]: ThreadedAnvilChunkStorage (world): All chunks are saved
[19:23:45] [Server thread/INFO]: Saving chunks for level 'ServerLevel[world_nether]'/minecraft:the_nether
[19:23:45] [Server thread/INFO]: [ChunkHolderManager] Waiting 60s for chunk system to halt for world 'world_nether'
[19:23:45] [Server thread/INFO]: [ChunkHolderManager] Halted chunk system for world 'world_nether'
[19:23:45] [Server thread/INFO]: [ChunkHolderManager] Saving all chunkholders for world 'world_nether'
[19:23:46] [Server thread/INFO]: [ChunkHolderManager] Saved 2025 block chunks, 1 entity chunks, 0 poi chunks in world 'world_nether' in 1.09s
[19:23:47] [Server thread/INFO]: ThreadedAnvilChunkStorage (DIM-1): All chunks are saved
[19:23:47] [Server thread/INFO]: Saving chunks for level 'ServerLevel[world_the_end]'/minecraft:the_end
[19:23:47] [Server thread/INFO]: [ChunkHolderManager] Waiting 60s for chunk system to halt for world 'world_the_end'
[19:23:47] [Server thread/INFO]: [ChunkHolderManager] Halted chunk system for world 'world_the_end'
[19:23:47] [Server thread/INFO]: [ChunkHolderManager] Saving all chunkholders for world 'world_the_end'
[19:23:47] [Server thread/INFO]: [ChunkHolderManager] Saved 2025 block chunks, 529 entity chunks, 0 poi chunks in world 'world_the_end' in 0.42s
[19:23:47] [Server thread/INFO]: ThreadedAnvilChunkStorage (DIM1): All chunks are saved
[19:23:47] [Server thread/INFO]: ThreadedAnvilChunkStorage: All dimensions are saved
[19:23:47] [Server thread/INFO]: Flushing Chunk IO
[19:23:47] [Server thread/INFO]: Closing Thread Pool
[19:23:47] [Server thread/INFO]: Closing Server
